<?xml version="1.0" encoding="UTF-8"?>
<!-- Generated by org.testng.reporters.JUnitXMLReporter -->
<testsuite ignored="0" hostname="DESKTOP-A0BPQKA" failures="0" tests="25" name="Park Industries OutSystems - Chrome Test" time="94.413" errors="0" timestamp="2021-08-24T15:30:59 FJT">
  <testcase classname="parkIndustriesOutSystems.testCases.TC_BootsAndLuggageReimbursementForm_001" name="parkAssociateUserLogin" time="3.825"/>
  <testcase classname="parkIndustriesOutSystems.testCases.TC_BootsAndLuggageReimbursementForm_001" name="clickBootsandLuggageReimbursement" time="5.967"/>
  <testcase classname="parkIndustriesOutSystems.testCases.TC_BootsAndLuggageReimbursementForm_001" name="associateFormsHeader" time="4.001"/>
  <testcase classname="parkIndustriesOutSystems.testCases.TC_BootsAndLuggageReimbursementForm_001" name="bootsLuggageReimbursementHeader" time="3.117"/>
  <testcase classname="parkIndustriesOutSystems.testCases.TC_BootsAndLuggageReimbursementForm_001" name="goToSampleLoginHeader" time="3.085"/>
  <testcase classname="parkIndustriesOutSystems.testCases.TC_BootsAndLuggageReimbursementForm_001" name="bootsLuggageReimbursementDetails1" time="3.114"/>
  <testcase classname="parkIndustriesOutSystems.testCases.TC_BootsAndLuggageReimbursementForm_001" name="requestListHeader" time="3.134"/>
  <testcase classname="parkIndustriesOutSystems.testCases.TC_BootsAndLuggageReimbursementForm_001" name="associateReimbursementFormHeader" time="3.094"/>
  <testcase classname="parkIndustriesOutSystems.testCases.TC_BootsAndLuggageReimbursementForm_001" name="bootsLuggageReimbursementDetails2" time="3.648"/>
  <testcase classname="parkIndustriesOutSystems.testCases.TC_BootsAndLuggageReimbursementForm_001" name="newRequest1" time="3.688"/>
  <testcase classname="parkIndustriesOutSystems.testCases.TC_BootsAndLuggageReimbursementForm_001" name="newRequest2" time="4.533"/>
  <testcase classname="parkIndustriesOutSystems.testCases.TC_BootsAndLuggageReimbursementForm_001" name="newRequest3" time="3.088"/>
  <testcase classname="parkIndustriesOutSystems.testCases.TC_BootsAndLuggageReimbursementForm_001" name="newRequest4" time="3.208"/>
  <testcase classname="parkIndustriesOutSystems.testCases.TC_BootsAndLuggageReimbursementForm_001" name="newRequest5" time="3.336"/>
  <testcase classname="parkIndustriesOutSystems.testCases.TC_BootsAndLuggageReimbursementForm_001" name="newRequest6" time="3.227"/>
  <testcase classname="parkIndustriesOutSystems.testCases.TC_BootsAndLuggageReimbursementForm_001" name="bootsLuggageReimbursementForm1" time="3.371"/>
  <testcase classname="parkIndustriesOutSystems.testCases.TC_BootsAndLuggageReimbursementForm_001" name="bootsLuggageReimbursementForm2" time="3.084"/>
  <testcase classname="parkIndustriesOutSystems.testCases.TC_BootsAndLuggageReimbursementForm_001" name="bootsLuggageReimbursementForm3" time="3.058"/>
  <testcase classname="parkIndustriesOutSystems.testCases.TC_BootsAndLuggageReimbursementForm_001" name="bootsLuggageReimbursementForm4" time="3.125"/>
  <testcase classname="parkIndustriesOutSystems.testCases.TC_BootsAndLuggageReimbursementForm_001" name="bootsLuggageReimbursementForm5" time="3.082"/>
  <testcase classname="parkIndustriesOutSystems.testCases.TC_BootsAndLuggageReimbursementForm_001" name="bootsLuggageReimbursementForm6" time="3.802"/>
  <testcase classname="parkIndustriesOutSystems.testCases.TC_BootsAndLuggageReimbursementForm_001" name="bootsLuggageReimbursementForm7" time="3.332"/>
  <testcase classname="parkIndustriesOutSystems.testCases.TC_BootsAndLuggageReimbursementForm_001" name="bootsLuggageReimbursementForm8" time="3.288"/>
  <testcase classname="parkIndustriesOutSystems.testCases.TC_BootsAndLuggageReimbursementForm_001" name="bootsLuggageReimbursementForm9" time="3.277"/>
  <testcase classname="parkIndustriesOutSystems.testCases.TC_BootsAndLuggageReimbursementForm_001" name="bootsLuggageReimbursementForm10" time="3.682"/>
</testsuite> <!-- Park Industries OutSystems - Chrome Test -->
