<?xml version="1.0" encoding="UTF-8"?>
<testng-results ignored="0" total="25" passed="25" failed="0" skipped="0">
  <reporter-output>
  </reporter-output>
  <suite started-at="2021-08-24T15:29:24 FJT" name="ParkIndustriesOutSystemsv1" finished-at="2021-08-24T15:30:59 FJT" duration-ms="94413">
    <groups>
    </groups>
    <test started-at="2021-08-24T15:29:24 FJT" name="Park Industries OutSystems - Chrome Test" finished-at="2021-08-24T15:30:59 FJT" duration-ms="94413">
      <class name="parkIndustriesOutSystems.testCases.TC_BootsAndLuggageReimbursementForm_001">
        <test-method is-config="true" signature="setup(java.lang.String)[pri:0, instance:parkIndustriesOutSystems.testCases.TC_BootsAndLuggageReimbursementForm_001@1534f01b]" started-at="2021-08-24T15:29:25 FJT" name="setup" finished-at="2021-08-24T15:29:31 FJT" duration-ms="6089" status="PASS">
          <params>
            <param index="0">
              <value>
                <![CDATA[chrome]]>
              </value>
            </param>
          </params>
          <reporter-output>
          </reporter-output>
        </test-method> <!-- setup -->
        <test-method signature="parkAssociateUserLogin()[pri:0, instance:parkIndustriesOutSystems.testCases.TC_BootsAndLuggageReimbursementForm_001@1534f01b]" started-at="2021-08-24T15:29:31 FJT" name="parkAssociateUserLogin" finished-at="2021-08-24T15:29:35 FJT" duration-ms="3825" status="PASS">
          <reporter-output>
          </reporter-output>
        </test-method> <!-- parkAssociateUserLogin -->
        <test-method signature="clickBootsandLuggageReimbursement()[pri:1, instance:parkIndustriesOutSystems.testCases.TC_BootsAndLuggageReimbursementForm_001@1534f01b]" started-at="2021-08-24T15:29:35 FJT" name="clickBootsandLuggageReimbursement" finished-at="2021-08-24T15:29:41 FJT" duration-ms="5967" status="PASS">
          <reporter-output>
          </reporter-output>
        </test-method> <!-- clickBootsandLuggageReimbursement -->
        <test-method signature="associateFormsHeader()[pri:2, instance:parkIndustriesOutSystems.testCases.TC_BootsAndLuggageReimbursementForm_001@1534f01b]" started-at="2021-08-24T15:29:41 FJT" name="associateFormsHeader" finished-at="2021-08-24T15:29:45 FJT" duration-ms="4001" status="PASS">
          <reporter-output>
          </reporter-output>
        </test-method> <!-- associateFormsHeader -->
        <test-method signature="bootsLuggageReimbursementHeader()[pri:3, instance:parkIndustriesOutSystems.testCases.TC_BootsAndLuggageReimbursementForm_001@1534f01b]" started-at="2021-08-24T15:29:45 FJT" name="bootsLuggageReimbursementHeader" finished-at="2021-08-24T15:29:48 FJT" duration-ms="3117" status="PASS">
          <reporter-output>
          </reporter-output>
        </test-method> <!-- bootsLuggageReimbursementHeader -->
        <test-method signature="goToSampleLoginHeader()[pri:4, instance:parkIndustriesOutSystems.testCases.TC_BootsAndLuggageReimbursementForm_001@1534f01b]" started-at="2021-08-24T15:29:48 FJT" name="goToSampleLoginHeader" finished-at="2021-08-24T15:29:51 FJT" duration-ms="3085" status="PASS">
          <reporter-output>
          </reporter-output>
        </test-method> <!-- goToSampleLoginHeader -->
        <test-method signature="bootsLuggageReimbursementDetails1()[pri:5, instance:parkIndustriesOutSystems.testCases.TC_BootsAndLuggageReimbursementForm_001@1534f01b]" started-at="2021-08-24T15:29:51 FJT" name="bootsLuggageReimbursementDetails1" finished-at="2021-08-24T15:29:54 FJT" duration-ms="3114" status="PASS">
          <reporter-output>
          </reporter-output>
        </test-method> <!-- bootsLuggageReimbursementDetails1 -->
        <test-method signature="requestListHeader()[pri:6, instance:parkIndustriesOutSystems.testCases.TC_BootsAndLuggageReimbursementForm_001@1534f01b]" started-at="2021-08-24T15:29:54 FJT" name="requestListHeader" finished-at="2021-08-24T15:29:57 FJT" duration-ms="3134" status="PASS">
          <reporter-output>
          </reporter-output>
        </test-method> <!-- requestListHeader -->
        <test-method signature="associateReimbursementFormHeader()[pri:7, instance:parkIndustriesOutSystems.testCases.TC_BootsAndLuggageReimbursementForm_001@1534f01b]" started-at="2021-08-24T15:29:57 FJT" name="associateReimbursementFormHeader" finished-at="2021-08-24T15:30:00 FJT" duration-ms="3094" status="PASS">
          <reporter-output>
          </reporter-output>
        </test-method> <!-- associateReimbursementFormHeader -->
        <test-method signature="bootsLuggageReimbursementDetails2()[pri:8, instance:parkIndustriesOutSystems.testCases.TC_BootsAndLuggageReimbursementForm_001@1534f01b]" started-at="2021-08-24T15:30:00 FJT" name="bootsLuggageReimbursementDetails2" finished-at="2021-08-24T15:30:04 FJT" duration-ms="3648" status="PASS">
          <reporter-output>
          </reporter-output>
        </test-method> <!-- bootsLuggageReimbursementDetails2 -->
        <test-method signature="newRequest1()[pri:9, instance:parkIndustriesOutSystems.testCases.TC_BootsAndLuggageReimbursementForm_001@1534f01b]" started-at="2021-08-24T15:30:04 FJT" name="newRequest1" finished-at="2021-08-24T15:30:08 FJT" duration-ms="3688" status="PASS">
          <reporter-output>
          </reporter-output>
        </test-method> <!-- newRequest1 -->
        <test-method signature="newRequest2()[pri:9, instance:parkIndustriesOutSystems.testCases.TC_BootsAndLuggageReimbursementForm_001@1534f01b]" started-at="2021-08-24T15:30:08 FJT" name="newRequest2" finished-at="2021-08-24T15:30:12 FJT" duration-ms="4533" status="PASS">
          <reporter-output>
          </reporter-output>
        </test-method> <!-- newRequest2 -->
        <test-method signature="newRequest3()[pri:10, instance:parkIndustriesOutSystems.testCases.TC_BootsAndLuggageReimbursementForm_001@1534f01b]" started-at="2021-08-24T15:30:12 FJT" name="newRequest3" finished-at="2021-08-24T15:30:15 FJT" duration-ms="3088" status="PASS">
          <reporter-output>
          </reporter-output>
        </test-method> <!-- newRequest3 -->
        <test-method signature="newRequest4()[pri:11, instance:parkIndustriesOutSystems.testCases.TC_BootsAndLuggageReimbursementForm_001@1534f01b]" started-at="2021-08-24T15:30:15 FJT" name="newRequest4" finished-at="2021-08-24T15:30:19 FJT" duration-ms="3208" status="PASS">
          <reporter-output>
          </reporter-output>
        </test-method> <!-- newRequest4 -->
        <test-method signature="newRequest5()[pri:11, instance:parkIndustriesOutSystems.testCases.TC_BootsAndLuggageReimbursementForm_001@1534f01b]" started-at="2021-08-24T15:30:19 FJT" name="newRequest5" finished-at="2021-08-24T15:30:22 FJT" duration-ms="3336" status="PASS">
          <reporter-output>
          </reporter-output>
        </test-method> <!-- newRequest5 -->
        <test-method signature="newRequest6()[pri:12, instance:parkIndustriesOutSystems.testCases.TC_BootsAndLuggageReimbursementForm_001@1534f01b]" started-at="2021-08-24T15:30:22 FJT" name="newRequest6" finished-at="2021-08-24T15:30:25 FJT" duration-ms="3227" status="PASS">
          <reporter-output>
          </reporter-output>
        </test-method> <!-- newRequest6 -->
        <test-method signature="bootsLuggageReimbursementForm1()[pri:13, instance:parkIndustriesOutSystems.testCases.TC_BootsAndLuggageReimbursementForm_001@1534f01b]" started-at="2021-08-24T15:30:25 FJT" name="bootsLuggageReimbursementForm1" finished-at="2021-08-24T15:30:29 FJT" duration-ms="3371" status="PASS">
          <reporter-output>
          </reporter-output>
        </test-method> <!-- bootsLuggageReimbursementForm1 -->
        <test-method signature="bootsLuggageReimbursementForm2()[pri:14, instance:parkIndustriesOutSystems.testCases.TC_BootsAndLuggageReimbursementForm_001@1534f01b]" started-at="2021-08-24T15:30:29 FJT" name="bootsLuggageReimbursementForm2" finished-at="2021-08-24T15:30:32 FJT" duration-ms="3084" status="PASS">
          <reporter-output>
          </reporter-output>
        </test-method> <!-- bootsLuggageReimbursementForm2 -->
        <test-method signature="bootsLuggageReimbursementForm3()[pri:14, instance:parkIndustriesOutSystems.testCases.TC_BootsAndLuggageReimbursementForm_001@1534f01b]" started-at="2021-08-24T15:30:32 FJT" name="bootsLuggageReimbursementForm3" finished-at="2021-08-24T15:30:35 FJT" duration-ms="3058" status="PASS">
          <reporter-output>
          </reporter-output>
        </test-method> <!-- bootsLuggageReimbursementForm3 -->
        <test-method signature="bootsLuggageReimbursementForm4()[pri:15, instance:parkIndustriesOutSystems.testCases.TC_BootsAndLuggageReimbursementForm_001@1534f01b]" started-at="2021-08-24T15:30:35 FJT" name="bootsLuggageReimbursementForm4" finished-at="2021-08-24T15:30:38 FJT" duration-ms="3125" status="PASS">
          <reporter-output>
          </reporter-output>
        </test-method> <!-- bootsLuggageReimbursementForm4 -->
        <test-method signature="bootsLuggageReimbursementForm5()[pri:16, instance:parkIndustriesOutSystems.testCases.TC_BootsAndLuggageReimbursementForm_001@1534f01b]" started-at="2021-08-24T15:30:38 FJT" name="bootsLuggageReimbursementForm5" finished-at="2021-08-24T15:30:41 FJT" duration-ms="3082" status="PASS">
          <reporter-output>
          </reporter-output>
        </test-method> <!-- bootsLuggageReimbursementForm5 -->
        <test-method signature="bootsLuggageReimbursementForm6()[pri:17, instance:parkIndustriesOutSystems.testCases.TC_BootsAndLuggageReimbursementForm_001@1534f01b]" started-at="2021-08-24T15:30:41 FJT" name="bootsLuggageReimbursementForm6" finished-at="2021-08-24T15:30:45 FJT" duration-ms="3802" status="PASS">
          <reporter-output>
          </reporter-output>
        </test-method> <!-- bootsLuggageReimbursementForm6 -->
        <test-method signature="bootsLuggageReimbursementForm7()[pri:18, instance:parkIndustriesOutSystems.testCases.TC_BootsAndLuggageReimbursementForm_001@1534f01b]" started-at="2021-08-24T15:30:45 FJT" name="bootsLuggageReimbursementForm7" finished-at="2021-08-24T15:30:48 FJT" duration-ms="3332" status="PASS">
          <reporter-output>
          </reporter-output>
        </test-method> <!-- bootsLuggageReimbursementForm7 -->
        <test-method signature="bootsLuggageReimbursementForm8()[pri:19, instance:parkIndustriesOutSystems.testCases.TC_BootsAndLuggageReimbursementForm_001@1534f01b]" started-at="2021-08-24T15:30:48 FJT" name="bootsLuggageReimbursementForm8" finished-at="2021-08-24T15:30:51 FJT" duration-ms="3288" status="PASS">
          <reporter-output>
          </reporter-output>
        </test-method> <!-- bootsLuggageReimbursementForm8 -->
        <test-method signature="bootsLuggageReimbursementForm9()[pri:20, instance:parkIndustriesOutSystems.testCases.TC_BootsAndLuggageReimbursementForm_001@1534f01b]" started-at="2021-08-24T15:30:51 FJT" name="bootsLuggageReimbursementForm9" finished-at="2021-08-24T15:30:55 FJT" duration-ms="3277" status="PASS">
          <reporter-output>
          </reporter-output>
        </test-method> <!-- bootsLuggageReimbursementForm9 -->
        <test-method signature="bootsLuggageReimbursementForm10()[pri:21, instance:parkIndustriesOutSystems.testCases.TC_BootsAndLuggageReimbursementForm_001@1534f01b]" started-at="2021-08-24T15:30:55 FJT" name="bootsLuggageReimbursementForm10" finished-at="2021-08-24T15:30:58 FJT" duration-ms="3682" status="PASS">
          <reporter-output>
          </reporter-output>
        </test-method> <!-- bootsLuggageReimbursementForm10 -->
        <test-method is-config="true" signature="tearDown()[pri:0, instance:parkIndustriesOutSystems.testCases.TC_BootsAndLuggageReimbursementForm_001@1534f01b]" started-at="2021-08-24T15:30:58 FJT" name="tearDown" finished-at="2021-08-24T15:30:59 FJT" duration-ms="446" status="PASS">
          <reporter-output>
          </reporter-output>
        </test-method> <!-- tearDown -->
      </class> <!-- parkIndustriesOutSystems.testCases.TC_BootsAndLuggageReimbursementForm_001 -->
    </test> <!-- Park Industries OutSystems - Chrome Test -->
  </suite> <!-- ParkIndustriesOutSystemsv1 -->
</testng-results>
